<?xml version="1.0" encoding="UTF-8"?>
<testng-results ignored="0" total="21" passed="7" failed="4" skipped="10">
  <reporter-output>
  </reporter-output>
  <suite started-at="2018-10-09T13:49:16Z" name="SuiteOne" finished-at="2018-10-09T13:51:17Z" duration-ms="121075">
    <groups>
    </groups>
    <test started-at="2018-10-09T13:49:16Z" name="init" finished-at="2018-10-09T13:49:16Z" duration-ms="9">
    </test> <!-- init -->
    <test started-at="2018-10-09T13:49:16Z" name="HB Edge" finished-at="2018-10-09T13:49:26Z" duration-ms="10040">
      <class name="agodaAutomation.ReservationOperation">
        <test-method signature="handleCriteriaFilters(java.lang.String, java.lang.String)[pri:0, instance:agodaAutomation.ReservationOperation@217463c6]" started-at="2018-10-09T13:49:16Z" name="handleCriteriaFilters" finished-at="2018-10-09T13:49:26Z" duration-ms="10000" status="FAIL">
          <params>
            <param index="0">
              <value>
                <![CDATA[edge]]>
              </value>
            </param>
            <param index="1">
              <value>
                <![CDATA[500]]>
              </value>
            </param>
          </params>
          <exception class="java.lang.NullPointerException">
            <full-stacktrace>
              <![CDATA[java.lang.NullPointerException
at agodaAutomation.ReservationOperation.handleCriteriaFilters(ReservationOperation.java:38)
at java.base/jdk.internal.reflect.NativeMethodAccessorImpl.invoke0(Native Method)
at java.base/jdk.internal.reflect.NativeMethodAccessorImpl.invoke(NativeMethodAccessorImpl.java:62)
at java.base/jdk.internal.reflect.DelegatingMethodAccessorImpl.invoke(DelegatingMethodAccessorImpl.java:43)
at java.base/java.lang.reflect.Method.invoke(Method.java:564)
at org.testng.internal.MethodInvocationHelper.invokeMethod(MethodInvocationHelper.java:124)
at org.testng.internal.Invoker.invokeMethod(Invoker.java:580)
at org.testng.internal.Invoker.invokeTestMethod(Invoker.java:716)
at org.testng.internal.Invoker.invokeTestMethods(Invoker.java:988)
at org.testng.internal.TestMethodWorker.invokeTestMethods(TestMethodWorker.java:125)
at org.testng.internal.TestMethodWorker.run(TestMethodWorker.java:109)
at org.testng.TestRunner.privateRun(TestRunner.java:648)
at org.testng.TestRunner.run(TestRunner.java:505)
at org.testng.SuiteRunner.runTest(SuiteRunner.java:455)
at org.testng.SuiteRunner.access$000(SuiteRunner.java:40)
at org.testng.SuiteRunner$SuiteWorker.run(SuiteRunner.java:489)
at org.testng.internal.thread.ThreadUtil$1.call(ThreadUtil.java:52)
at java.base/java.util.concurrent.FutureTask.run(FutureTask.java:264)
at java.base/java.util.concurrent.ThreadPoolExecutor.runWorker(ThreadPoolExecutor.java:1167)
at java.base/java.util.concurrent.ThreadPoolExecutor$Worker.run(ThreadPoolExecutor.java:641)
at java.base/java.lang.Thread.run(Thread.java:844)
]]>
            </full-stacktrace>
          </exception> <!-- java.lang.NullPointerException -->
          <reporter-output>
          </reporter-output>
        </test-method> <!-- handleCriteriaFilters -->
        <test-method signature="getTopOffer()[pri:0, instance:agodaAutomation.ReservationOperation@217463c6]" started-at="2018-10-09T13:49:26Z" name="getTopOffer" finished-at="2018-10-09T13:49:26Z" depends-on-methods="agodaAutomation.ReservationOperation.handleCriteriaFilters" duration-ms="0" status="SKIP">
          <exception class="java.lang.Throwable">
            <message>
              <![CDATA[Method ReservationOperation.getTopOffer()[pri:0, instance:agodaAutomation.ReservationOperation@217463c6] depends on not successfully finished methods]]>
            </message>
            <full-stacktrace>
              <![CDATA[java.lang.Throwable: Method ReservationOperation.getTopOffer()[pri:0, instance:agodaAutomation.ReservationOperation@217463c6] depends on not successfully finished methods
at org.testng.internal.Invoker.invokeTestMethods(Invoker.java:887)
at org.testng.internal.TestMethodWorker.invokeTestMethods(TestMethodWorker.java:125)
at org.testng.internal.TestMethodWorker.run(TestMethodWorker.java:109)
at org.testng.TestRunner.privateRun(TestRunner.java:648)
at org.testng.TestRunner.run(TestRunner.java:505)
at org.testng.SuiteRunner.runTest(SuiteRunner.java:455)
at org.testng.SuiteRunner.access$000(SuiteRunner.java:40)
at org.testng.SuiteRunner$SuiteWorker.run(SuiteRunner.java:489)
at org.testng.internal.thread.ThreadUtil$1.call(ThreadUtil.java:52)
at java.base/java.util.concurrent.FutureTask.run(FutureTask.java:264)
at java.base/java.util.concurrent.ThreadPoolExecutor.runWorker(ThreadPoolExecutor.java:1167)
at java.base/java.util.concurrent.ThreadPoolExecutor$Worker.run(ThreadPoolExecutor.java:641)
at java.base/java.lang.Thread.run(Thread.java:844)
]]>
            </full-stacktrace>
          </exception> <!-- java.lang.Throwable -->
          <reporter-output>
          </reporter-output>
        </test-method> <!-- getTopOffer -->
        <test-method signature="clickBookNow()[pri:0, instance:agodaAutomation.ReservationOperation@217463c6]" started-at="2018-10-09T13:49:26Z" name="clickBookNow" finished-at="2018-10-09T13:49:26Z" depends-on-methods="agodaAutomation.ReservationOperation.getTopOffer" duration-ms="0" status="SKIP">
          <exception class="java.lang.Throwable">
            <message>
              <![CDATA[Method ReservationOperation.clickBookNow()[pri:0, instance:agodaAutomation.ReservationOperation@217463c6] depends on not successfully finished methods]]>
            </message>
            <full-stacktrace>
              <![CDATA[java.lang.Throwable: Method ReservationOperation.clickBookNow()[pri:0, instance:agodaAutomation.ReservationOperation@217463c6] depends on not successfully finished methods
at org.testng.internal.Invoker.invokeTestMethods(Invoker.java:887)
at org.testng.internal.TestMethodWorker.invokeTestMethods(TestMethodWorker.java:125)
at org.testng.internal.TestMethodWorker.run(TestMethodWorker.java:109)
at org.testng.TestRunner.privateRun(TestRunner.java:648)
at org.testng.TestRunner.run(TestRunner.java:505)
at org.testng.SuiteRunner.runTest(SuiteRunner.java:455)
at org.testng.SuiteRunner.access$000(SuiteRunner.java:40)
at org.testng.SuiteRunner$SuiteWorker.run(SuiteRunner.java:489)
at org.testng.internal.thread.ThreadUtil$1.call(ThreadUtil.java:52)
at java.base/java.util.concurrent.FutureTask.run(FutureTask.java:264)
at java.base/java.util.concurrent.ThreadPoolExecutor.runWorker(ThreadPoolExecutor.java:1167)
at java.base/java.util.concurrent.ThreadPoolExecutor$Worker.run(ThreadPoolExecutor.java:641)
at java.base/java.lang.Thread.run(Thread.java:844)
]]>
            </full-stacktrace>
          </exception> <!-- java.lang.Throwable -->
          <reporter-output>
          </reporter-output>
        </test-method> <!-- clickBookNow -->
      </class> <!-- agodaAutomation.ReservationOperation -->
      <class name="agodaAutomation.DriverManager">
        <test-method is-config="true" signature="initDriverList(java.lang.String, java.lang.String, java.lang.String, java.lang.String)[pri:0, instance:agodaAutomation.DriverManager@4893be45]" started-at="2018-10-09T13:49:09Z" name="initDriverList" finished-at="2018-10-09T13:49:16Z" duration-ms="6716" status="PASS">
          <params>
            <param index="0">
              <value>
                <![CDATA[firefox]]>
              </value>
            </param>
            <param index="1">
              <value>
                <![CDATA[C:\\Users\\doga.unal\\Desktop\\chromedriver.exe]]>
              </value>
            </param>
            <param index="2">
              <value>
                <![CDATA[C:\\Users\\doga.unal\\Desktop\\geckodriver.exe]]>
              </value>
            </param>
            <param index="3">
              <value>
                <![CDATA[C:\\Users\\doga.unal\\Desktop\\edgedriver.exe]]>
              </value>
            </param>
          </params>
          <reporter-output>
          </reporter-output>
        </test-method> <!-- initDriverList -->
      </class> <!-- agodaAutomation.DriverManager -->
      <class name="agodaAutomation.LoginPage">
        <test-method signature="openBrowser(java.lang.String)[pri:0, instance:agodaAutomation.LoginPage@21b95e2f]" started-at="2018-10-09T13:49:16Z" name="openBrowser" finished-at="2018-10-09T13:49:16Z" duration-ms="1" status="FAIL">
          <params>
            <param index="0">
              <value>
                <![CDATA[edge]]>
              </value>
            </param>
          </params>
          <exception class="java.lang.NullPointerException">
            <full-stacktrace>
              <![CDATA[java.lang.NullPointerException
at agodaAutomation.LoginPage.openBrowser(LoginPage.java:30)
at java.base/jdk.internal.reflect.NativeMethodAccessorImpl.invoke0(Native Method)
at java.base/jdk.internal.reflect.NativeMethodAccessorImpl.invoke(NativeMethodAccessorImpl.java:62)
at java.base/jdk.internal.reflect.DelegatingMethodAccessorImpl.invoke(DelegatingMethodAccessorImpl.java:43)
at java.base/java.lang.reflect.Method.invoke(Method.java:564)
at org.testng.internal.MethodInvocationHelper.invokeMethod(MethodInvocationHelper.java:124)
at org.testng.internal.Invoker.invokeMethod(Invoker.java:580)
at org.testng.internal.Invoker.invokeTestMethod(Invoker.java:716)
at org.testng.internal.Invoker.invokeTestMethods(Invoker.java:988)
at org.testng.internal.TestMethodWorker.invokeTestMethods(TestMethodWorker.java:125)
at org.testng.internal.TestMethodWorker.run(TestMethodWorker.java:109)
at org.testng.TestRunner.privateRun(TestRunner.java:648)
at org.testng.TestRunner.run(TestRunner.java:505)
at org.testng.SuiteRunner.runTest(SuiteRunner.java:455)
at org.testng.SuiteRunner.access$000(SuiteRunner.java:40)
at org.testng.SuiteRunner$SuiteWorker.run(SuiteRunner.java:489)
at org.testng.internal.thread.ThreadUtil$1.call(ThreadUtil.java:52)
at java.base/java.util.concurrent.FutureTask.run(FutureTask.java:264)
at java.base/java.util.concurrent.ThreadPoolExecutor.runWorker(ThreadPoolExecutor.java:1167)
at java.base/java.util.concurrent.ThreadPoolExecutor$Worker.run(ThreadPoolExecutor.java:641)
at java.base/java.lang.Thread.run(Thread.java:844)
]]>
            </full-stacktrace>
          </exception> <!-- java.lang.NullPointerException -->
          <reporter-output>
          </reporter-output>
        </test-method> <!-- openBrowser -->
        <test-method signature="openLoginWindow()[pri:0, instance:agodaAutomation.LoginPage@21b95e2f]" started-at="2018-10-09T13:49:16Z" name="openLoginWindow" finished-at="2018-10-09T13:49:16Z" depends-on-methods="agodaAutomation.LoginPage.openBrowser" duration-ms="0" status="SKIP">
          <exception class="java.lang.Throwable">
            <message>
              <![CDATA[Method LoginPage.openLoginWindow()[pri:0, instance:agodaAutomation.LoginPage@21b95e2f] depends on not successfully finished methods]]>
            </message>
            <full-stacktrace>
              <![CDATA[java.lang.Throwable: Method LoginPage.openLoginWindow()[pri:0, instance:agodaAutomation.LoginPage@21b95e2f] depends on not successfully finished methods
at org.testng.internal.Invoker.invokeTestMethods(Invoker.java:887)
at org.testng.internal.TestMethodWorker.invokeTestMethods(TestMethodWorker.java:125)
at org.testng.internal.TestMethodWorker.run(TestMethodWorker.java:109)
at org.testng.TestRunner.privateRun(TestRunner.java:648)
at org.testng.TestRunner.run(TestRunner.java:505)
at org.testng.SuiteRunner.runTest(SuiteRunner.java:455)
at org.testng.SuiteRunner.access$000(SuiteRunner.java:40)
at org.testng.SuiteRunner$SuiteWorker.run(SuiteRunner.java:489)
at org.testng.internal.thread.ThreadUtil$1.call(ThreadUtil.java:52)
at java.base/java.util.concurrent.FutureTask.run(FutureTask.java:264)
at java.base/java.util.concurrent.ThreadPoolExecutor.runWorker(ThreadPoolExecutor.java:1167)
at java.base/java.util.concurrent.ThreadPoolExecutor$Worker.run(ThreadPoolExecutor.java:641)
at java.base/java.lang.Thread.run(Thread.java:844)
]]>
            </full-stacktrace>
          </exception> <!-- java.lang.Throwable -->
          <reporter-output>
          </reporter-output>
        </test-method> <!-- openLoginWindow -->
        <test-method signature="handleRooms(java.lang.String, java.lang.String, java.lang.String, java.lang.String)[pri:0, instance:agodaAutomation.LoginPage@21b95e2f]" started-at="2018-10-09T13:49:16Z" name="handleRooms" finished-at="2018-10-09T13:49:16Z" depends-on-methods="agodaAutomation.LoginPage.handleCurrency" duration-ms="0" status="SKIP">
          <exception class="java.lang.Throwable">
            <message>
              <![CDATA[Method LoginPage.handleRooms(java.lang.String, java.lang.String, java.lang.String, java.lang.String)[pri:0, instance:agodaAutomation.LoginPage@21b95e2f] depends on not successfully finished methods]]>
            </message>
            <full-stacktrace>
              <![CDATA[java.lang.Throwable: Method LoginPage.handleRooms(java.lang.String, java.lang.String, java.lang.String, java.lang.String)[pri:0, instance:agodaAutomation.LoginPage@21b95e2f] depends on not successfully finished methods
at org.testng.internal.Invoker.invokeTestMethods(Invoker.java:887)
at org.testng.internal.TestMethodWorker.invokeTestMethods(TestMethodWorker.java:125)
at org.testng.internal.TestMethodWorker.run(TestMethodWorker.java:109)
at org.testng.TestRunner.privateRun(TestRunner.java:648)
at org.testng.TestRunner.run(TestRunner.java:505)
at org.testng.SuiteRunner.runTest(SuiteRunner.java:455)
at org.testng.SuiteRunner.access$000(SuiteRunner.java:40)
at org.testng.SuiteRunner$SuiteWorker.run(SuiteRunner.java:489)
at org.testng.internal.thread.ThreadUtil$1.call(ThreadUtil.java:52)
at java.base/java.util.concurrent.FutureTask.run(FutureTask.java:264)
at java.base/java.util.concurrent.ThreadPoolExecutor.runWorker(ThreadPoolExecutor.java:1167)
at java.base/java.util.concurrent.ThreadPoolExecutor$Worker.run(ThreadPoolExecutor.java:641)
at java.base/java.lang.Thread.run(Thread.java:844)
]]>
            </full-stacktrace>
          </exception> <!-- java.lang.Throwable -->
          <reporter-output>
          </reporter-output>
        </test-method> <!-- handleRooms -->
        <test-method signature="handleCurrency()[pri:0, instance:agodaAutomation.LoginPage@21b95e2f]" started-at="2018-10-09T13:49:16Z" name="handleCurrency" finished-at="2018-10-09T13:49:16Z" depends-on-methods="agodaAutomation.LoginPage.openLoginWindow" duration-ms="0" status="SKIP">
          <exception class="java.lang.Throwable">
            <message>
              <![CDATA[Method LoginPage.handleCurrency()[pri:0, instance:agodaAutomation.LoginPage@21b95e2f] depends on not successfully finished methods]]>
            </message>
            <full-stacktrace>
              <![CDATA[java.lang.Throwable: Method LoginPage.handleCurrency()[pri:0, instance:agodaAutomation.LoginPage@21b95e2f] depends on not successfully finished methods
at org.testng.internal.Invoker.invokeTestMethods(Invoker.java:887)
at org.testng.internal.TestMethodWorker.invokeTestMethods(TestMethodWorker.java:125)
at org.testng.internal.TestMethodWorker.run(TestMethodWorker.java:109)
at org.testng.TestRunner.privateRun(TestRunner.java:648)
at org.testng.TestRunner.run(TestRunner.java:505)
at org.testng.SuiteRunner.runTest(SuiteRunner.java:455)
at org.testng.SuiteRunner.access$000(SuiteRunner.java:40)
at org.testng.SuiteRunner$SuiteWorker.run(SuiteRunner.java:489)
at org.testng.internal.thread.ThreadUtil$1.call(ThreadUtil.java:52)
at java.base/java.util.concurrent.FutureTask.run(FutureTask.java:264)
at java.base/java.util.concurrent.ThreadPoolExecutor.runWorker(ThreadPoolExecutor.java:1167)
at java.base/java.util.concurrent.ThreadPoolExecutor$Worker.run(ThreadPoolExecutor.java:641)
at java.base/java.lang.Thread.run(Thread.java:844)
]]>
            </full-stacktrace>
          </exception> <!-- java.lang.Throwable -->
          <reporter-output>
          </reporter-output>
        </test-method> <!-- handleCurrency -->
      </class> <!-- agodaAutomation.LoginPage -->
    </test> <!-- HB Edge -->
    <test started-at="2018-10-09T13:49:16Z" name="HB Chrome" finished-at="2018-10-09T13:49:26Z" duration-ms="10039">
      <class name="agodaAutomation.ReservationOperation">
        <test-method signature="handleCriteriaFilters(java.lang.String, java.lang.String)[pri:0, instance:agodaAutomation.ReservationOperation@45c5cf3f]" started-at="2018-10-09T13:49:16Z" name="handleCriteriaFilters" finished-at="2018-10-09T13:49:26Z" duration-ms="10001" status="FAIL">
          <params>
            <param index="0">
              <value>
                <![CDATA[chrome]]>
              </value>
            </param>
            <param index="1">
              <value>
                <![CDATA[500]]>
              </value>
            </param>
          </params>
          <exception class="java.lang.NullPointerException">
            <full-stacktrace>
              <![CDATA[java.lang.NullPointerException
at agodaAutomation.ReservationOperation.handleCriteriaFilters(ReservationOperation.java:38)
at java.base/jdk.internal.reflect.NativeMethodAccessorImpl.invoke0(Native Method)
at java.base/jdk.internal.reflect.NativeMethodAccessorImpl.invoke(NativeMethodAccessorImpl.java:62)
at java.base/jdk.internal.reflect.DelegatingMethodAccessorImpl.invoke(DelegatingMethodAccessorImpl.java:43)
at java.base/java.lang.reflect.Method.invoke(Method.java:564)
at org.testng.internal.MethodInvocationHelper.invokeMethod(MethodInvocationHelper.java:124)
at org.testng.internal.Invoker.invokeMethod(Invoker.java:580)
at org.testng.internal.Invoker.invokeTestMethod(Invoker.java:716)
at org.testng.internal.Invoker.invokeTestMethods(Invoker.java:988)
at org.testng.internal.TestMethodWorker.invokeTestMethods(TestMethodWorker.java:125)
at org.testng.internal.TestMethodWorker.run(TestMethodWorker.java:109)
at org.testng.TestRunner.privateRun(TestRunner.java:648)
at org.testng.TestRunner.run(TestRunner.java:505)
at org.testng.SuiteRunner.runTest(SuiteRunner.java:455)
at org.testng.SuiteRunner.access$000(SuiteRunner.java:40)
at org.testng.SuiteRunner$SuiteWorker.run(SuiteRunner.java:489)
at org.testng.internal.thread.ThreadUtil$1.call(ThreadUtil.java:52)
at java.base/java.util.concurrent.FutureTask.run(FutureTask.java:264)
at java.base/java.util.concurrent.ThreadPoolExecutor.runWorker(ThreadPoolExecutor.java:1167)
at java.base/java.util.concurrent.ThreadPoolExecutor$Worker.run(ThreadPoolExecutor.java:641)
at java.base/java.lang.Thread.run(Thread.java:844)
]]>
            </full-stacktrace>
          </exception> <!-- java.lang.NullPointerException -->
          <reporter-output>
          </reporter-output>
        </test-method> <!-- handleCriteriaFilters -->
        <test-method signature="clickBookNow()[pri:0, instance:agodaAutomation.ReservationOperation@45c5cf3f]" started-at="2018-10-09T13:49:26Z" name="clickBookNow" finished-at="2018-10-09T13:49:26Z" depends-on-methods="agodaAutomation.ReservationOperation.getTopOffer" duration-ms="0" status="SKIP">
          <exception class="java.lang.Throwable">
            <message>
              <![CDATA[Method ReservationOperation.clickBookNow()[pri:0, instance:agodaAutomation.ReservationOperation@45c5cf3f] depends on not successfully finished methods]]>
            </message>
            <full-stacktrace>
              <![CDATA[java.lang.Throwable: Method ReservationOperation.clickBookNow()[pri:0, instance:agodaAutomation.ReservationOperation@45c5cf3f] depends on not successfully finished methods
at org.testng.internal.Invoker.invokeTestMethods(Invoker.java:887)
at org.testng.internal.TestMethodWorker.invokeTestMethods(TestMethodWorker.java:125)
at org.testng.internal.TestMethodWorker.run(TestMethodWorker.java:109)
at org.testng.TestRunner.privateRun(TestRunner.java:648)
at org.testng.TestRunner.run(TestRunner.java:505)
at org.testng.SuiteRunner.runTest(SuiteRunner.java:455)
at org.testng.SuiteRunner.access$000(SuiteRunner.java:40)
at org.testng.SuiteRunner$SuiteWorker.run(SuiteRunner.java:489)
at org.testng.internal.thread.ThreadUtil$1.call(ThreadUtil.java:52)
at java.base/java.util.concurrent.FutureTask.run(FutureTask.java:264)
at java.base/java.util.concurrent.ThreadPoolExecutor.runWorker(ThreadPoolExecutor.java:1167)
at java.base/java.util.concurrent.ThreadPoolExecutor$Worker.run(ThreadPoolExecutor.java:641)
at java.base/java.lang.Thread.run(Thread.java:844)
]]>
            </full-stacktrace>
          </exception> <!-- java.lang.Throwable -->
          <reporter-output>
          </reporter-output>
        </test-method> <!-- clickBookNow -->
        <test-method signature="getTopOffer()[pri:0, instance:agodaAutomation.ReservationOperation@45c5cf3f]" started-at="2018-10-09T13:49:26Z" name="getTopOffer" finished-at="2018-10-09T13:49:26Z" depends-on-methods="agodaAutomation.ReservationOperation.handleCriteriaFilters" duration-ms="0" status="SKIP">
          <exception class="java.lang.Throwable">
            <message>
              <![CDATA[Method ReservationOperation.getTopOffer()[pri:0, instance:agodaAutomation.ReservationOperation@45c5cf3f] depends on not successfully finished methods]]>
            </message>
            <full-stacktrace>
              <![CDATA[java.lang.Throwable: Method ReservationOperation.getTopOffer()[pri:0, instance:agodaAutomation.ReservationOperation@45c5cf3f] depends on not successfully finished methods
at org.testng.internal.Invoker.invokeTestMethods(Invoker.java:887)
at org.testng.internal.TestMethodWorker.invokeTestMethods(TestMethodWorker.java:125)
at org.testng.internal.TestMethodWorker.run(TestMethodWorker.java:109)
at org.testng.TestRunner.privateRun(TestRunner.java:648)
at org.testng.TestRunner.run(TestRunner.java:505)
at org.testng.SuiteRunner.runTest(SuiteRunner.java:455)
at org.testng.SuiteRunner.access$000(SuiteRunner.java:40)
at org.testng.SuiteRunner$SuiteWorker.run(SuiteRunner.java:489)
at org.testng.internal.thread.ThreadUtil$1.call(ThreadUtil.java:52)
at java.base/java.util.concurrent.FutureTask.run(FutureTask.java:264)
at java.base/java.util.concurrent.ThreadPoolExecutor.runWorker(ThreadPoolExecutor.java:1167)
at java.base/java.util.concurrent.ThreadPoolExecutor$Worker.run(ThreadPoolExecutor.java:641)
at java.base/java.lang.Thread.run(Thread.java:844)
]]>
            </full-stacktrace>
          </exception> <!-- java.lang.Throwable -->
          <reporter-output>
          </reporter-output>
        </test-method> <!-- getTopOffer -->
      </class> <!-- agodaAutomation.ReservationOperation -->
      <class name="agodaAutomation.LoginPage">
        <test-method signature="openBrowser(java.lang.String)[pri:0, instance:agodaAutomation.LoginPage@542a6231]" started-at="2018-10-09T13:49:16Z" name="openBrowser" finished-at="2018-10-09T13:49:16Z" duration-ms="0" status="FAIL">
          <params>
            <param index="0">
              <value>
                <![CDATA[chrome]]>
              </value>
            </param>
          </params>
          <exception class="java.lang.NullPointerException">
            <full-stacktrace>
              <![CDATA[java.lang.NullPointerException
at agodaAutomation.LoginPage.openBrowser(LoginPage.java:30)
at java.base/jdk.internal.reflect.NativeMethodAccessorImpl.invoke0(Native Method)
at java.base/jdk.internal.reflect.NativeMethodAccessorImpl.invoke(NativeMethodAccessorImpl.java:62)
at java.base/jdk.internal.reflect.DelegatingMethodAccessorImpl.invoke(DelegatingMethodAccessorImpl.java:43)
at java.base/java.lang.reflect.Method.invoke(Method.java:564)
at org.testng.internal.MethodInvocationHelper.invokeMethod(MethodInvocationHelper.java:124)
at org.testng.internal.Invoker.invokeMethod(Invoker.java:580)
at org.testng.internal.Invoker.invokeTestMethod(Invoker.java:716)
at org.testng.internal.Invoker.invokeTestMethods(Invoker.java:988)
at org.testng.internal.TestMethodWorker.invokeTestMethods(TestMethodWorker.java:125)
at org.testng.internal.TestMethodWorker.run(TestMethodWorker.java:109)
at org.testng.TestRunner.privateRun(TestRunner.java:648)
at org.testng.TestRunner.run(TestRunner.java:505)
at org.testng.SuiteRunner.runTest(SuiteRunner.java:455)
at org.testng.SuiteRunner.access$000(SuiteRunner.java:40)
at org.testng.SuiteRunner$SuiteWorker.run(SuiteRunner.java:489)
at org.testng.internal.thread.ThreadUtil$1.call(ThreadUtil.java:52)
at java.base/java.util.concurrent.FutureTask.run(FutureTask.java:264)
at java.base/java.util.concurrent.ThreadPoolExecutor.runWorker(ThreadPoolExecutor.java:1167)
at java.base/java.util.concurrent.ThreadPoolExecutor$Worker.run(ThreadPoolExecutor.java:641)
at java.base/java.lang.Thread.run(Thread.java:844)
]]>
            </full-stacktrace>
          </exception> <!-- java.lang.NullPointerException -->
          <reporter-output>
          </reporter-output>
        </test-method> <!-- openBrowser -->
        <test-method signature="openLoginWindow()[pri:0, instance:agodaAutomation.LoginPage@542a6231]" started-at="2018-10-09T13:49:16Z" name="openLoginWindow" finished-at="2018-10-09T13:49:16Z" depends-on-methods="agodaAutomation.LoginPage.openBrowser" duration-ms="0" status="SKIP">
          <exception class="java.lang.Throwable">
            <message>
              <![CDATA[Method LoginPage.openLoginWindow()[pri:0, instance:agodaAutomation.LoginPage@542a6231] depends on not successfully finished methods]]>
            </message>
            <full-stacktrace>
              <![CDATA[java.lang.Throwable: Method LoginPage.openLoginWindow()[pri:0, instance:agodaAutomation.LoginPage@542a6231] depends on not successfully finished methods
at org.testng.internal.Invoker.invokeTestMethods(Invoker.java:887)
at org.testng.internal.TestMethodWorker.invokeTestMethods(TestMethodWorker.java:125)
at org.testng.internal.TestMethodWorker.run(TestMethodWorker.java:109)
at org.testng.TestRunner.privateRun(TestRunner.java:648)
at org.testng.TestRunner.run(TestRunner.java:505)
at org.testng.SuiteRunner.runTest(SuiteRunner.java:455)
at org.testng.SuiteRunner.access$000(SuiteRunner.java:40)
at org.testng.SuiteRunner$SuiteWorker.run(SuiteRunner.java:489)
at org.testng.internal.thread.ThreadUtil$1.call(ThreadUtil.java:52)
at java.base/java.util.concurrent.FutureTask.run(FutureTask.java:264)
at java.base/java.util.concurrent.ThreadPoolExecutor.runWorker(ThreadPoolExecutor.java:1167)
at java.base/java.util.concurrent.ThreadPoolExecutor$Worker.run(ThreadPoolExecutor.java:641)
at java.base/java.lang.Thread.run(Thread.java:844)
]]>
            </full-stacktrace>
          </exception> <!-- java.lang.Throwable -->
          <reporter-output>
          </reporter-output>
        </test-method> <!-- openLoginWindow -->
        <test-method signature="handleRooms(java.lang.String, java.lang.String, java.lang.String, java.lang.String)[pri:0, instance:agodaAutomation.LoginPage@542a6231]" started-at="2018-10-09T13:49:16Z" name="handleRooms" finished-at="2018-10-09T13:49:16Z" depends-on-methods="agodaAutomation.LoginPage.handleCurrency" duration-ms="0" status="SKIP">
          <exception class="java.lang.Throwable">
            <message>
              <![CDATA[Method LoginPage.handleRooms(java.lang.String, java.lang.String, java.lang.String, java.lang.String)[pri:0, instance:agodaAutomation.LoginPage@542a6231] depends on not successfully finished methods]]>
            </message>
            <full-stacktrace>
              <![CDATA[java.lang.Throwable: Method LoginPage.handleRooms(java.lang.String, java.lang.String, java.lang.String, java.lang.String)[pri:0, instance:agodaAutomation.LoginPage@542a6231] depends on not successfully finished methods
at org.testng.internal.Invoker.invokeTestMethods(Invoker.java:887)
at org.testng.internal.TestMethodWorker.invokeTestMethods(TestMethodWorker.java:125)
at org.testng.internal.TestMethodWorker.run(TestMethodWorker.java:109)
at org.testng.TestRunner.privateRun(TestRunner.java:648)
at org.testng.TestRunner.run(TestRunner.java:505)
at org.testng.SuiteRunner.runTest(SuiteRunner.java:455)
at org.testng.SuiteRunner.access$000(SuiteRunner.java:40)
at org.testng.SuiteRunner$SuiteWorker.run(SuiteRunner.java:489)
at org.testng.internal.thread.ThreadUtil$1.call(ThreadUtil.java:52)
at java.base/java.util.concurrent.FutureTask.run(FutureTask.java:264)
at java.base/java.util.concurrent.ThreadPoolExecutor.runWorker(ThreadPoolExecutor.java:1167)
at java.base/java.util.concurrent.ThreadPoolExecutor$Worker.run(ThreadPoolExecutor.java:641)
at java.base/java.lang.Thread.run(Thread.java:844)
]]>
            </full-stacktrace>
          </exception> <!-- java.lang.Throwable -->
          <reporter-output>
          </reporter-output>
        </test-method> <!-- handleRooms -->
        <test-method signature="handleCurrency()[pri:0, instance:agodaAutomation.LoginPage@542a6231]" started-at="2018-10-09T13:49:16Z" name="handleCurrency" finished-at="2018-10-09T13:49:16Z" depends-on-methods="agodaAutomation.LoginPage.openLoginWindow" duration-ms="0" status="SKIP">
          <exception class="java.lang.Throwable">
            <message>
              <![CDATA[Method LoginPage.handleCurrency()[pri:0, instance:agodaAutomation.LoginPage@542a6231] depends on not successfully finished methods]]>
            </message>
            <full-stacktrace>
              <![CDATA[java.lang.Throwable: Method LoginPage.handleCurrency()[pri:0, instance:agodaAutomation.LoginPage@542a6231] depends on not successfully finished methods
at org.testng.internal.Invoker.invokeTestMethods(Invoker.java:887)
at org.testng.internal.TestMethodWorker.invokeTestMethods(TestMethodWorker.java:125)
at org.testng.internal.TestMethodWorker.run(TestMethodWorker.java:109)
at org.testng.TestRunner.privateRun(TestRunner.java:648)
at org.testng.TestRunner.run(TestRunner.java:505)
at org.testng.SuiteRunner.runTest(SuiteRunner.java:455)
at org.testng.SuiteRunner.access$000(SuiteRunner.java:40)
at org.testng.SuiteRunner$SuiteWorker.run(SuiteRunner.java:489)
at org.testng.internal.thread.ThreadUtil$1.call(ThreadUtil.java:52)
at java.base/java.util.concurrent.FutureTask.run(FutureTask.java:264)
at java.base/java.util.concurrent.ThreadPoolExecutor.runWorker(ThreadPoolExecutor.java:1167)
at java.base/java.util.concurrent.ThreadPoolExecutor$Worker.run(ThreadPoolExecutor.java:641)
at java.base/java.lang.Thread.run(Thread.java:844)
]]>
            </full-stacktrace>
          </exception> <!-- java.lang.Throwable -->
          <reporter-output>
          </reporter-output>
        </test-method> <!-- handleCurrency -->
      </class> <!-- agodaAutomation.LoginPage -->
    </test> <!-- HB Chrome -->
    <test started-at="2018-10-09T13:49:16Z" name="HB Firefox" finished-at="2018-10-09T13:51:17Z" duration-ms="121074">
      <class name="agodaAutomation.ReservationOperation">
        <test-method signature="handleCriteriaFilters(java.lang.String, java.lang.String)[pri:0, instance:agodaAutomation.ReservationOperation@a4a0d14]" started-at="2018-10-09T13:50:05Z" name="handleCriteriaFilters" finished-at="2018-10-09T13:51:02Z" duration-ms="56278" status="PASS">
          <params>
            <param index="0">
              <value>
                <![CDATA[firefox]]>
              </value>
            </param>
            <param index="1">
              <value>
                <![CDATA[500]]>
              </value>
            </param>
          </params>
          <reporter-output>
          </reporter-output>
        </test-method> <!-- handleCriteriaFilters -->
        <test-method signature="getTopOffer()[pri:0, instance:agodaAutomation.ReservationOperation@a4a0d14]" started-at="2018-10-09T13:51:02Z" name="getTopOffer" finished-at="2018-10-09T13:51:12Z" depends-on-methods="agodaAutomation.ReservationOperation.handleCriteriaFilters" duration-ms="10411" status="PASS">
          <reporter-output>
          </reporter-output>
        </test-method> <!-- getTopOffer -->
        <test-method signature="clickBookNow()[pri:0, instance:agodaAutomation.ReservationOperation@a4a0d14]" started-at="2018-10-09T13:51:12Z" name="clickBookNow" finished-at="2018-10-09T13:51:17Z" depends-on-methods="agodaAutomation.ReservationOperation.getTopOffer" duration-ms="5197" status="PASS">
          <reporter-output>
          </reporter-output>
        </test-method> <!-- clickBookNow -->
      </class> <!-- agodaAutomation.ReservationOperation -->
      <class name="agodaAutomation.LoginPage">
        <test-method signature="openBrowser(java.lang.String)[pri:0, instance:agodaAutomation.LoginPage@74dee932]" started-at="2018-10-09T13:49:16Z" name="openBrowser" finished-at="2018-10-09T13:49:22Z" duration-ms="5619" status="PASS">
          <params>
            <param index="0">
              <value>
                <![CDATA[firefox]]>
              </value>
            </param>
          </params>
          <reporter-output>
          </reporter-output>
        </test-method> <!-- openBrowser -->
        <test-method signature="openLoginWindow()[pri:0, instance:agodaAutomation.LoginPage@74dee932]" started-at="2018-10-09T13:49:22Z" name="openLoginWindow" finished-at="2018-10-09T13:49:23Z" depends-on-methods="agodaAutomation.LoginPage.openBrowser" duration-ms="1643" status="PASS">
          <reporter-output>
          </reporter-output>
        </test-method> <!-- openLoginWindow -->
        <test-method signature="handleCurrency()[pri:0, instance:agodaAutomation.LoginPage@74dee932]" started-at="2018-10-09T13:49:23Z" name="handleCurrency" finished-at="2018-10-09T13:49:39Z" depends-on-methods="agodaAutomation.LoginPage.openLoginWindow" duration-ms="15433" status="PASS">
          <reporter-output>
          </reporter-output>
        </test-method> <!-- handleCurrency -->
        <test-method signature="handleRooms(java.lang.String, java.lang.String, java.lang.String, java.lang.String)[pri:0, instance:agodaAutomation.LoginPage@74dee932]" started-at="2018-10-09T13:49:39Z" name="handleRooms" finished-at="2018-10-09T13:50:05Z" depends-on-methods="agodaAutomation.LoginPage.handleCurrency" duration-ms="26458" status="PASS">
          <params>
            <param index="0">
              <value>
                <![CDATA[Paris]]>
              </value>
            </param>
            <param index="1">
              <value>
                <![CDATA[4]]>
              </value>
            </param>
            <param index="2">
              <value>
                <![CDATA[20]]>
              </value>
            </param>
            <param index="3">
              <value>
                <![CDATA[23]]>
              </value>
            </param>
          </params>
          <reporter-output>
          </reporter-output>
        </test-method> <!-- handleRooms -->
      </class> <!-- agodaAutomation.LoginPage -->
    </test> <!-- HB Firefox -->
  </suite> <!-- SuiteOne -->
</testng-results>
