<?xml version="1.0" encoding="UTF-8"?>
<!-- Generated by org.testng.reporters.JUnitXMLReporter -->
<testsuite ignored="0" hostname="DOGAUNAL-840" failures="1" tests="7" name="HB Edge" time="86.87" errors="0" timestamp="09 Eki 2018 13:01:51 GMT">
  <testcase classname="agodaAutomation.LoginPage" name="openBrowser" time="7.196"/>
  <testcase classname="agodaAutomation.LoginPage" name="openLoginWindow" time="2.74"/>
  <testcase classname="agodaAutomation.LoginPage" name="handleCurrency" time="15.459"/>
  <testcase classname="agodaAutomation.LoginPage" name="handleRooms" time="26.094"/>
  <testcase classname="agodaAutomation.ReservationOperation" name="handleCriteriaFilters" time="35.325">
    <failure type="org.openqa.selenium.NoSuchElementException" message="No such element (WARNING: The server did not provide any stacktrace information)
Command duration or timeout: 7 milliseconds
For documentation on this error, please visit: http://seleniumhq.org/exceptions/no_such_element.html
Build info: version: &amp;apos;3.4.0&amp;apos;, revision: &amp;apos;unknown&amp;apos;, time: &amp;apos;unknown&amp;apos;
System info: host: &amp;apos;DOGAUNAL-840&amp;apos;, ip: &amp;apos;192.168.1.126&amp;apos;, os.name: &amp;apos;Windows 10&amp;apos;, os.arch: &amp;apos;amd64&amp;apos;, os.version: &amp;apos;10.0&amp;apos;, java.version: &amp;apos;9.0.4&amp;apos;
Driver info: org.openqa.selenium.edge.EdgeDriver
Capabilities [{applicationCacheEnabled=true, InPrivate=false, pageLoadStrategy=normal, platform=ANY, acceptSslCerts=true, browserVersion=41.16299.665.0, platformVersion=10, locationContextEnabled=true, webStorageEnabled=true, browserName=MicrosoftEdge, takesScreenshot=true, takesElementScreenshot=true, javascriptEnabled=true, platformName=windows}]
Session ID: 15777C06-64E7-4669-8391-07154F23E876
*** Element info: {Using=xpath, value=//i[contains(@class,&amp;apos;ficon ficon-star-3 star-orange&amp;apos;)]}">
      <![CDATA[org.openqa.selenium.NoSuchElementException: No such element (WARNING: The server did not provide any stacktrace information)
Command duration or timeout: 7 milliseconds
For documentation on this error, please visit: http://seleniumhq.org/exceptions/no_such_element.html
Build info: version: '3.4.0', revision: 'unknown', time: 'unknown'
System info: host: 'DOGAUNAL-840', ip: '192.168.1.126', os.name: 'Windows 10', os.arch: 'amd64', os.version: '10.0', java.version: '9.0.4'
Driver info: org.openqa.selenium.edge.EdgeDriver
Capabilities [{applicationCacheEnabled=true, InPrivate=false, pageLoadStrategy=normal, platform=ANY, acceptSslCerts=true, browserVersion=41.16299.665.0, platformVersion=10, locationContextEnabled=true, webStorageEnabled=true, browserName=MicrosoftEdge, takesScreenshot=true, takesElementScreenshot=true, javascriptEnabled=true, platformName=windows}]
Session ID: 15777C06-64E7-4669-8391-07154F23E876
*** Element info: {Using=xpath, value=//i[contains(@class,'ficon ficon-star-3 star-orange')]}
at org.openqa.selenium.remote.ErrorHandler.createThrowable(ErrorHandler.java:215)
at org.openqa.selenium.remote.ErrorHandler.throwIfResponseFailed(ErrorHandler.java:167)
at org.openqa.selenium.remote.RemoteWebDriver.execute(RemoteWebDriver.java:671)
at org.openqa.selenium.remote.RemoteWebDriver.findElement(RemoteWebDriver.java:410)
at org.openqa.selenium.remote.RemoteWebDriver.findElementByXPath(RemoteWebDriver.java:509)
at org.openqa.selenium.By$ByXPath.findElement(By.java:361)
at org.openqa.selenium.remote.RemoteWebDriver.findElement(RemoteWebDriver.java:402)
at agodaAutomation.ReservationOperation.handleCriteriaFilters(ReservationOperation.java:74)
at java.base/java.util.concurrent.FutureTask.run(FutureTask.java:264)
at java.base/java.util.concurrent.ThreadPoolExecutor.runWorker(ThreadPoolExecutor.java:1167)
at java.base/java.util.concurrent.ThreadPoolExecutor$Worker.run(ThreadPoolExecutor.java:641)
at java.base/java.lang.Thread.run(Thread.java:844)
... Removed 20 stack frames]]>
    </failure>
  </testcase> <!-- handleCriteriaFilters -->
  <testcase classname="agodaAutomation.ReservationOperation" name="getTopOffer" time="0.0">
    <skipped/>
  </testcase> <!-- getTopOffer -->
  <testcase classname="agodaAutomation.ReservationOperation" name="clickBookNow" time="0.0">
    <skipped/>
  </testcase> <!-- clickBookNow -->
</testsuite> <!-- HB Edge -->
