<?xml version="1.0" encoding="UTF-8"?>
<!-- Generated by org.testng.reporters.JUnitXMLReporter -->
<testsuite ignored="0" hostname="DOGAUNAL-840" failures="1" tests="4" name="HB Edge" time="0.084" errors="0" timestamp="09 Eki 2018 10:17:25 GMT">
  <testcase classname="agodaAutomation.LoginPage" name="openBrowser" time="0.017">
    <failure type="java.lang.NullPointerException">
      <![CDATA[java.lang.NullPointerException
at agodaAutomation.LoginPage.openBrowser(LoginPage.java:30)
at java.base/java.util.concurrent.FutureTask.run(FutureTask.java:264)
at java.base/java.util.concurrent.ThreadPoolExecutor.runWorker(ThreadPoolExecutor.java:1167)
at java.base/java.util.concurrent.ThreadPoolExecutor$Worker.run(ThreadPoolExecutor.java:641)
at java.base/java.lang.Thread.run(Thread.java:844)
... Removed 16 stack frames]]>
    </failure>
  </testcase> <!-- openBrowser -->
  <testcase classname="agodaAutomation.LoginPage" name="openLoginWindow" time="0.0">
    <skipped/>
  </testcase> <!-- openLoginWindow -->
  <testcase classname="agodaAutomation.LoginPage" name="handleCurrency" time="0.0">
    <skipped/>
  </testcase> <!-- handleCurrency -->
  <testcase classname="agodaAutomation.LoginPage" name="preRoomSearch" time="0.0">
    <skipped/>
  </testcase> <!-- preRoomSearch -->
</testsuite> <!-- HB Edge -->
