<?xml version="1.0" encoding="UTF-8"?>
<!-- Generated by org.testng.reporters.JUnitXMLReporter -->
<testsuite ignored="0" hostname="DOGAUNAL-840" failures="0" tests="4" name="HB Firefox" time="34.593" errors="0" timestamp="09 Eki 2018 10:17:59 GMT">
  <testcase classname="agodaAutomation.LoginPage" name="openBrowser" time="8.485"/>
  <testcase classname="agodaAutomation.LoginPage" name="openLoginWindow" time="1.407"/>
  <testcase classname="agodaAutomation.LoginPage" name="handleCurrency" time="10.369"/>
  <testcase classname="agodaAutomation.LoginPage" name="preRoomSearch" time="14.285"/>
</testsuite> <!-- HB Firefox -->
