<?xml version="1.0" encoding="UTF-8"?>
<!-- Generated by org.testng.reporters.JUnitXMLReporter -->
<testsuite ignored="0" hostname="DOGAUNAL-840" failures="0" tests="4" name="HB Firefox" time="53.98" errors="0" timestamp="09 Eki 2018 10:53:26 GMT">
  <testcase classname="agodaAutomation.LoginPage" name="openBrowser" time="8.709"/>
  <testcase classname="agodaAutomation.LoginPage" name="openLoginWindow" time="2.034"/>
  <testcase classname="agodaAutomation.LoginPage" name="handleCurrency" time="15.7"/>
  <testcase classname="agodaAutomation.LoginPage" name="handleRooms" time="27.486"/>
</testsuite> <!-- HB Firefox -->
